<?xml version="1.0" encoding="UTF-8"?>
<!-- Generated by org.testng.reporters.JUnitReportReporter -->
<testsuite skipped="1" hostname="DESKTOP-2FCFS77" name="com.inetbanking.testcases.TC_LoginDDT_002" tests="1" failures="0" timestamp="29 Oct 2020 15:29:46 GMT" time="0.000" errors="0">
  <testcase name="loginDDT" time="0.000" classname="com.inetbanking.testcases.TC_LoginDDT_002">
    <skipped/>
  </testcase> <!-- loginDDT -->
</testsuite> <!-- com.inetbanking.testcases.TC_LoginDDT_002 -->
